h:\new folder (2)\team-project-1-\dbms\debug\dbms.ilk
h:\new folder (2)\team-project-1-\dbms\debug\dbms.exe
h:\new folder (2)\team-project-1-\dbms\debug\dbms.pdb
h:\new folder (2)\team-project-1-\dbms\dbms\debug\vc120.pdb
h:\new folder (2)\team-project-1-\dbms\dbms\debug\vc120.idb
h:\new folder (2)\team-project-1-\dbms\dbms\debug\database.obj
h:\new folder (2)\team-project-1-\dbms\dbms\debug\entity.obj
h:\new folder (2)\team-project-1-\dbms\dbms\debug\main.obj
h:\new folder (2)\team-project-1-\dbms\dbms\debug\table.obj
h:\new folder (2)\team-project-1-\dbms\dbms\debug\tokenizer.obj
h:\new folder (2)\team-project-1-\dbms\dbms\debug\parser.obj
h:\new folder (2)\team-project-1-\dbms\dbms\debug\dbms.tlog\link.command.1.tlog
h:\new folder (2)\team-project-1-\dbms\dbms\debug\dbms.tlog\lib-link.read.1.tlog
h:\new folder (2)\team-project-1-\dbms\dbms\debug\dbms.tlog\cl.command.1.tlog
h:\new folder (2)\team-project-1-\dbms\dbms\debug\dbms.tlog\link.write.1.tlog
h:\new folder (2)\team-project-1-\dbms\dbms\debug\dbms.tlog\lib.command.1.tlog
h:\new folder (2)\team-project-1-\dbms\dbms\debug\dbms.tlog\dbms.write.1u.tlog
h:\new folder (2)\team-project-1-\dbms\dbms\debug\dbms.tlog\lib-link.write.1.tlog
h:\new folder (2)\team-project-1-\dbms\dbms\debug\dbms.tlog\cl.write.1.tlog
h:\new folder (2)\team-project-1-\dbms\dbms\debug\dbms.tlog\cl.read.1.tlog
h:\new folder (2)\team-project-1-\dbms\dbms\debug\dbms.tlog\link.read.1.tlog
